Removed Member From Class: ClassName=Sh1_MPU Member=VD10
Change Component Designator: OldDesignator=C35 NewDesignator=C36
Change Component Designator: OldDesignator=C36 NewDesignator=C37
Change Component Designator: OldDesignator=C37 NewDesignator=C38
Change Component Designator: OldDesignator=C38 NewDesignator=C39
Change Component Designator: OldDesignator=C39 NewDesignator=C40
Change Component Designator: OldDesignator=C40 NewDesignator=C41
Change Component Designator: OldDesignator=C41 NewDesignator=C42
Change Component Designator: OldDesignator=C42 NewDesignator=C43
Change Component Designator: OldDesignator=C43 NewDesignator=C44
Change Component Designator: OldDesignator=C44 NewDesignator=C45
Change Component Designator: OldDesignator=C45 NewDesignator=C46
Change Component Designator: OldDesignator=C46 NewDesignator=C47
Change Component Designator: OldDesignator=C47 NewDesignator=C48
Change Component Designator: OldDesignator=C48 NewDesignator=C49
Change Component Designator: OldDesignator=C49 NewDesignator=C50
Change Component Designator: OldDesignator=C50 NewDesignator=C51
Change Component Designator: OldDesignator=C51 NewDesignator=C52
Change Component Designator: OldDesignator=C52 NewDesignator=C53
Change Component Designator: OldDesignator=C53 NewDesignator=C54
Change Component Designator: OldDesignator=C54 NewDesignator=C55
Change Component Designator: OldDesignator=C55 NewDesignator=C56
Change Component Designator: OldDesignator=C56 NewDesignator=C57
Change Component Designator: OldDesignator=C57 NewDesignator=C58
Change Component Designator: OldDesignator=C58 NewDesignator=C59
Change Component Designator: OldDesignator=C59 NewDesignator=C60
Change Component Designator: OldDesignator=C60 NewDesignator=C61
Change Component Designator: OldDesignator=C61 NewDesignator=C62
Change Component Designator: OldDesignator=C62 NewDesignator=C63
Change Component Designator: OldDesignator=C63 NewDesignator=C64
Change Component Designator: OldDesignator=C64 NewDesignator=C65
Change Component Designator: OldDesignator=C65 NewDesignator=C66
Change Component Designator: OldDesignator=C66 NewDesignator=C67
Change Component Designator: OldDesignator=C67 NewDesignator=C68
Change Component Designator: OldDesignator=C68 NewDesignator=C69
Change Component Designator: OldDesignator=C69 NewDesignator=C70
Change Component Designator: OldDesignator=C70 NewDesignator=C71
Change Component Designator: OldDesignator=C71 NewDesignator=C72
Change Component Designator: OldDesignator=C72 NewDesignator=C73
Change Component Designator: OldDesignator=C73 NewDesignator=C74
Change Component Designator: OldDesignator=C74 NewDesignator=C75
Change Component Designator: OldDesignator=C75 NewDesignator=C76
Change Component Designator: OldDesignator=C76 NewDesignator=C77
Change Component Designator: OldDesignator=S4 NewDesignator=S5
Change Component Designator: OldDesignator=VD8 NewDesignator=VD9
Change Component Designator: OldDesignator=VD9 NewDesignator=VD10
Change Component Designator: OldDesignator=VD10 NewDesignator=VD11
Change Component Designator: OldDesignator=VD11 NewDesignator=VD12
Change Component Designator: OldDesignator=VD12 NewDesignator=VD13
Change Component Designator: OldDesignator=VD13 NewDesignator=VD14
Change Component Designator: OldDesignator=VD14 NewDesignator=VD15
Added Component: Designator=C35(C_SMD0603)
Add component. Clean all parameters for all variants
Added Component: Designator=S4(1437566-3)
Add component. Clean all parameters for all variants
Added Component: Designator=VD8(ESD9L5_514AB)
Add component. Clean all parameters for all variants
Add component (AddParameter): Name = "ComponentLink1Description"; Value = "elitan"; VariantName = "[No Variations]"
Add component (AddParameter): Name = "ComponentLink1URL"; Value = "https://www.elitan.ru/price/index.php?find=ESD9L5.0ST5G&delay=-1&mfg=all&seenform=y"; VariantName = "[No Variations]"
Add component (AddParameter): Name = "ComponentLink2Description"; Value = "chipdip"; VariantName = "[No Variations]"
Add component (AddParameter): Name = "ComponentLink2URL"; Value = "https://www.chipdip.ru/product0/8001926257"; VariantName = "[No Variations]"
Added Pin To Net: NetName=RESET Pin=C35-1
Added Pin To Net: NetName=GND Pin=C35-2
Added Pin To Net: NetName=RESET Pin=S4-1
Added Pin To Net: NetName=GND Pin=S4-2
Added Pin To Net: NetName=GND Pin=VD8-1
Added Pin To Net: NetName=RESET Pin=VD8-2
Change Net Name : Old Net Name=NetC35_1 New Net Name=NetC36_1
Change Net Name : Old Net Name=NetC35_2 New Net Name=NetC36_2
Change Net Name : Old Net Name=NetC36_1 New Net Name=NetC37_1
Change Net Name : Old Net Name=NetC36_2 New Net Name=NetC37_2
Change Net Name : Old Net Name=NetC39_2 New Net Name=NetC40_2
Change Net Name : Old Net Name=NetC40_1 New Net Name=NetC41_1
Change Net Name : Old Net Name=NetC43_2 New Net Name=NetC44_2
Change Net Name : Old Net Name=NetC49_2 New Net Name=NetC50_2
Change Net Name : Old Net Name=NetC50_2 New Net Name=NetC51_2
Change Net Name : Old Net Name=NetC60_1 New Net Name=NetC61_1
Change Net Name : Old Net Name=NetC65_2 New Net Name=NetC66_2
Change Net Name : Old Net Name=NetC66_2 New Net Name=NetC67_2
Added Member To Class: ClassName=Sh1_MPU Member=Component C44 33pF
Added Member To Class: ClassName=Sh1_MPU Member=Component S4 1437566-3
Added Member To Class: ClassName=Sh1_MPU Member=Component VD3 ESD9L5.0ST5G
Added Member To Class: ClassName=Sh1_MPU Member=Component VD4 ESD9L5.0ST5G
Added Member To Class: ClassName=Sh1_MPU Member=Component VD5 SP0506BAATG
Added Member To Class: ClassName=Sh1_MPU Member=Component VD8 ESD9L3.3ST5G
Added Member To Class: ClassName=Sh3_Power Member=Component VD11 SS510
Added Member To Class: ClassName=Sh3_Power Member=Component VD15 SS36
