Removed Pin From Net: NetName=I2C2_SCL Pin=X?-14
Removed Pin From Net: NetName=SPI1_MOSI Pin=X?-15
Change Component Designator: OldDesignator=C33 NewDesignator=C34
Change Component Designator: OldDesignator=C34 NewDesignator=C35
Change Component Designator: OldDesignator=C35 NewDesignator=C33
Change Component Designator: OldDesignator=TP4 NewDesignator=TP6
Change Component Designator: OldDesignator=TP5 NewDesignator=TP8
Change Component Designator: OldDesignator=TP6 NewDesignator=TP7
Change Component Designator: OldDesignator=TP7 NewDesignator=TP9
Change Component Designator: OldDesignator=TP8 NewDesignator=TP10
Change Component Designator: OldDesignator=TP9 NewDesignator=TP11
Change Component Designator: OldDesignator=TP10 NewDesignator=TP12
Change Component Designator: OldDesignator=TP11 NewDesignator=TP13
Change Component Designator: OldDesignator=TP12 NewDesignator=TP14
Change Component Designator: OldDesignator=TP13 NewDesignator=TP15
Change Component Designator: OldDesignator=TP14 NewDesignator=TP16
Change Component Designator: OldDesignator=TP15 NewDesignator=TP17
Change Component Designator: OldDesignator=X? NewDesignator=X12
Change Component Description : Designator=VD1 Old Description=12.5V Clamp 8A _8/20Aµs_ Ipp Tvs Diode Surface Mount SC-88/SC70-6/SOT-363 New Description=12.5V Clamp 8A _8/20Aµs_ Ipp Tvs Diode Surface Mount SC-88/SC70-6/SOT-363
Change Component Description : Designator=VT4 Old Description=P-Channel 20V 3.7A _Ta_ 1.3W _Ta_ Surface Mount Micro3a„?/SOT-23 New Description=P-Channel 20V 3.7A _Ta_ 1.3W _Ta_ Surface Mount Micro3a„?/SOT-23
Change Component Description : Designator=VT5 Old Description=P-Channel 20V 3.7A _Ta_ 1.3W _Ta_ Surface Mount Micro3a„?/SOT-23 New Description=P-Channel 20V 3.7A _Ta_ 1.3W _Ta_ Surface Mount Micro3a„?/SOT-23
Added Component: Designator=TP4(TEST_POINT)
Add component. Clean all parameters for all variants
Added Component: Designator=TP5(TEST_POINT)
Add component. Clean all parameters for all variants
Added Pin To Net: NetName=I2C_SCL Pin=TP4-1
Added Pin To Net: NetName=I2C_SDA Pin=TP5-1
Added Pin To Net: NetName=SPI1_MOSI Pin=X12-14
Added Pin To Net: NetName=I2C2_SCL Pin=X12-15
Change Net Name : Old Net Name=NetC33_1 New Net Name=NetC34_1
Change Net Name : Old Net Name=NetC33_2 New Net Name=NetC34_2
Change Net Name : Old Net Name=NetC34_1 New Net Name=NetC35_1
Change Net Name : Old Net Name=NetC34_2 New Net Name=NetC35_2
Added Member To Class: ClassName=Sh1_MPU Member=Component TP8 Test_point
Added Member To Class: ClassName=Sh1_MPU Member=Component TP9 Test_point
