Removed Member From Class: ClassName=Sh1_MPU Member=R35
Added Member To Class: ClassName=Sh1_MPU Member=Component R11 1k
Added Member To Class: ClassName=Sh1_MPU Member=Component R13 2.2k
Added Member To Class: ClassName=Sh1_MPU Member=Component R15 2.2k
Added Member To Class: ClassName=Sh1_MPU Member=Component R17 10k
Added Member To Class: ClassName=Sh1_MPU Member=Component R19 360
Added Member To Class: ClassName=Sh1_MPU Member=Component R21 SMD
Added Member To Class: ClassName=Sh1_MPU Member=Component R22 SMD
Added Member To Class: ClassName=Sh1_MPU Member=Component R24 10k
Added Member To Class: ClassName=Sh1_MPU Member=Component R26 10k
Added Member To Class: ClassName=Sh1_MPU Member=Component R27 47k
Added Member To Class: ClassName=Sh1_MPU Member=Component R29 220
Added Member To Class: ClassName=Sh1_MPU Member=Component R30 2.2
Added Member To Class: ClassName=Sh1_MPU Member=Component R31 1
Added Member To Class: ClassName=Sh1_MPU Member=Component R33 0
Added Member To Class: ClassName=Sh1_MPU Member=Component R34 10
Added Member To Class: ClassName=Sh2_MCU Member=Component R36 10k
Added Member To Class: ClassName=Sh3_Power Member=Component R40 SMD
Added Member To Class: ClassName=Sh3_Power Member=Component R41 SMD
Added Member To Class: ClassName=Sh3_Power Member=Component R43 SMD
Added Member To Class: ClassName=Sh3_Power Member=Component R45 100
Added Member To Class: ClassName=Sh3_Power Member=Component R47 SMD
Added Member To Class: ClassName=Sh3_Power Member=Component R48 SMD
Added Member To Class: ClassName=Sh3_Power Member=Component R50 470
Added Member To Class: ClassName=Sh3_Power Member=Component R52 100k
Added Member To Class: ClassName=Sh3_Power Member=Component R55 SMD
Added Member To Class: ClassName=Sh3_Power Member=Component TP9 Test_point
Added Member To Class: ClassName=Sh3_Power Member=Component TP11 Test_point
Added Member To Class: ClassName=Sh3_Power Member=Component TP13 Test_point
