Removed Pin From Net: NetName=3V3 Pin=X12-1
Removed Pin From Net: NetName=3V3 Pin=X12-2
Removed Pin From Net: NetName=PA0 Pin=X12-3
Removed Pin From Net: NetName=PB0 Pin=X12-4
Removed Pin From Net: NetName=PA1 Pin=X12-5
Removed Pin From Net: NetName=PB1 Pin=X12-6
Removed Pin From Net: NetName=USART2_TX Pin=X12-7
Removed Pin From Net: NetName=PB2 Pin=X12-8
Removed Pin From Net: NetName=USART2_RX Pin=X12-9
Removed Pin From Net: NetName=SWO Pin=X12-10
Removed Pin From Net: NetName=PA4 Pin=X12-11
Removed Pin From Net: NetName=SPI1_SCK Pin=X12-13
Removed Pin From Net: NetName=SPI1_MISO Pin=X12-15
Removed Pin From Net: NetName=I2C2_SCL Pin=X12-16
Removed Pin From Net: NetName=SPI1_MOSI Pin=X12-17
Removed Pin From Net: NetName=I2C2_SDA Pin=X12-18
Removed Pin From Net: NetName=GND Pin=X12-19
Removed Pin From Net: NetName=GND Pin=X12-20
Removed Member From Class: ClassName=Sh2_MCU Member=X12
Added Component: Designator=X?(PLD2X8)
Add component. Clean all parameters for all variants
Added Pin To Net: NetName=3V3 Pin=X?-1
Added Pin To Net: NetName=GND Pin=X?-2
Added Pin To Net: NetName=PA0 Pin=X?-3
Added Pin To Net: NetName=PB0 Pin=X?-4
Added Pin To Net: NetName=PA1 Pin=X?-5
Added Pin To Net: NetName=PB1 Pin=X?-6
Added Pin To Net: NetName=USART2_TX Pin=X?-7
Added Pin To Net: NetName=PB2 Pin=X?-8
Added Pin To Net: NetName=USART2_RX Pin=X?-9
Added Pin To Net: NetName=SWO Pin=X?-10
Added Pin To Net: NetName=SPI1_SCK Pin=X?-11
Added Pin To Net: NetName=PA4 Pin=X?-12
Added Pin To Net: NetName=SPI1_MISO Pin=X?-13
Added Pin To Net: NetName=I2C2_SCL Pin=X?-14
Added Pin To Net: NetName=SPI1_MOSI Pin=X?-15
Added Pin To Net: NetName=I2C2_SDA Pin=X?-16
Added Member To Class: ClassName=Sh2_MCU Member=Component X? DS1021_2x8
