Removed Pin From Net: NetName=3V3 Pin=X11-1
Removed Pin From Net: NetName=SWDIO Pin=X11-2
Removed Pin From Net: NetName=SWCLK Pin=X11-3
Removed Pin From Net: NetName=GND Pin=X11-4
Removed Member From Class: ClassName=Sh2_MCU Member=X11
Added Component: Designator=R?(R_SMD0603)
Add component. Clean all parameters for all variants
Added Component: Designator=X?(PLD1X6)
Add component. Clean all parameters for all variants
Add component (AddParameter): Name = "ComponentLink1Description"; Value = "chipdip"; VariantName = "[No Variations]"
Add component (AddParameter): Name = "ComponentLink1URL"; Value = "https://www.chipdip.ru/product/pls-5?from=suggest_product"; VariantName = "[No Variations]"
Added Pin To Net: NetName=GPIO41_3V3 Pin=DD1-45
Added Pin To Net: NetName=GPIO77_3V3 Pin=R?-2
Added Pin To Net: NetName=3V3 Pin=X?-1
Added Pin To Net: NetName=SWDIO Pin=X?-2
Added Pin To Net: NetName=SWCLK Pin=X?-3
Added Pin To Net: NetName=SWO Pin=X?-4
Added Pin To Net: NetName=NRST Pin=X?-5
Added Pin To Net: NetName=GND Pin=X?-6
Added Pin To Net: NetName=NetDD1_44 Pin=DD1-44
Added Pin To Net: NetName=NetDD1_44 Pin=R32-1
Added Pin To Net: NetName=NetDD1_44 Pin=R?-1
Added Net: Name=NetDD1_44
Added Member To Class: ClassName=Sh2_MCU Member=Component R? 22
Added Member To Class: ClassName=Sh2_MCU Member=Component X? DS1021_1x6
