Removed Pin From Net: NetName=NetC41_1 Pin=X8-1
Removed Pin From Net: NetName=GND Pin=X8-2
Removed Pin From Net: NetName=GND Pin=X8-3
Change Component Description : Designator=VD1 Old Description=12.5V Clamp 8A _8/20Aµs_ Ipp Tvs Diode Surface Mount SC-88/SC70-6/SOT-363 New Description=12.5V Clamp 8A _8/20Aµs_ Ipp Tvs Diode Surface Mount SC-88/SC70-6/SOT-363
Change Component Description : Designator=VT4 Old Description=P-Channel 20V 3.7A _Ta_ 1.3W _Ta_ Surface Mount Micro3a„?/SOT-23 New Description=P-Channel 20V 3.7A _Ta_ 1.3W _Ta_ Surface Mount Micro3a„?/SOT-23
Change Component Description : Designator=VT5 Old Description=P-Channel 20V 3.7A _Ta_ 1.3W _Ta_ Surface Mount Micro3a„?/SOT-23 New Description=P-Channel 20V 3.7A _Ta_ 1.3W _Ta_ Surface Mount Micro3a„?/SOT-23
Added Component: Designator=X8(SMA-FEMALE-RA - L-KLS1-SMA002-B)
Add component. Clean all parameters for all variants
Add component (AddParameter): Name = "ComponentLink1Description"; Value = "RA-Molex-0731000114"; VariantName = "[No Variations]"
Add component (AddParameter): Name = "ComponentLink1URL"; Value = "https://www.elitan.ru/price/item639782"; VariantName = "[No Variations]"
Add component (AddParameter): Name = "ComponentLink2Description"; Value = "RA-L-KLS1-SMA015"; VariantName = "[No Variations]"
Add component (AddParameter): Name = "ComponentLink2URL"; Value = "https://www.elitan.ru/price/item15217386"; VariantName = "[No Variations]"
Add component (AddParameter): Name = "ComponentLink3Description"; Value = "RA - HYR-1141"; VariantName = "[No Variations]"
Add component (AddParameter): Name = "ComponentLink3URL"; Value = "https://www.elitan.ru/price/item12599392"; VariantName = "[No Variations]"
Add component (AddParameter): Name = "ComponentLink4Description"; Value = "Molex-0733910060"; VariantName = "[No Variations]"
Add component (AddParameter): Name = "ComponentLink4URL"; Value = "https://www.elitan.ru/price/item715759"; VariantName = "[No Variations]"
Add component (AddParameter): Name = "ComponentLink5Description"; Value = "FEMALE-RA-KLS1-SMA006"; VariantName = "[No Variations]"
Add component (AddParameter): Name = "ComponentLink5URL"; Value = "https://www.elitan.ru/price/item18597090"; VariantName = "[No Variations]"
Add component (AddParameter): Name = "ComponentLink6Description"; Value = "FEMALE-RA - L-KLS1-SMA002-B"; VariantName = "[No Variations]"
Add component (AddParameter): Name = "ComponentLink6URL"; Value = "https://www.platan.ru/cgi-bin/qwery.pl/id=356964102"; VariantName = "[No Variations]"
Add component (AddParameter): Name = "ComponentLink7Description"; Value = "FEMALE-RA - L-KLS1-SMA002"; VariantName = "[No Variations]"
Add component (AddParameter): Name = "ComponentLink7URL"; Value = "https://www.elitan.ru/price/item9893558"; VariantName = "[No Variations]"
Added Pin To Net: NetName=NetC41_1 Pin=X8-1
Added Pin To Net: NetName=GND Pin=X8-G
Added Pin To Net: NetName=GND Pin=X8-G
Added Pin To Net: NetName=GND Pin=X8-G
Added Pin To Net: NetName=GND Pin=X8-G
