Removed Pin From Net: NetName=GND Pin=C40-1
Removed Pin From Net: NetName=GND Pin=C41-1
Removed Pin From Net: NetName=GND Pin=C43-1
Removed Pin From Net: NetName=GND Pin=C44-1
Removed Pin From Net: NetName=GND Pin=C45-1
Removed Pin From Net: NetName=GND Pin=D1-41
Removed Pin From Net: NetName=GND Pin=D1-58
Removed Pin From Net: NetName=GND Pin=D1-60
Removed Pin From Net: NetName=GND Pin=D1-78
Removed Pin From Net: NetName=GND Pin=D1-80
Removed Pin From Net: NetName=GND Pin=VD6-1
Removed Pin From Net: NetName=GND Pin=VD7-1
Removed Pin From Net: NetName=GND Pin=X8-G
Removed Pin From Net: NetName=GND Pin=X8-G
Removed Pin From Net: NetName=GND Pin=X8-G
Removed Pin From Net: NetName=GND Pin=X8-G
Removed Pin From Net: NetName=GND Pin=X9-G
Removed Pin From Net: NetName=GND Pin=X9-G
Removed Pin From Net: NetName=GND Pin=X9-G
Removed Pin From Net: NetName=GND Pin=X9-G
Removed Pin From Net: NetName=GND Pin=X10-G
Removed Pin From Net: NetName=GND Pin=X10-G
Removed Pin From Net: NetName=GND Pin=X10-G
Removed Pin From Net: NetName=GND Pin=X10-G
Change Component Description : Designator=VD1 Old Description=12.5V Clamp 8A _8/20Aµs_ Ipp Tvs Diode Surface Mount SC-88/SC70-6/SOT-363 New Description=12.5V Clamp 8A _8/20µs_ Ipp Tvs Diode Surface Mount SC-88/SC70-6/SOT-363
Change Component Description : Designator=VT6 Old Description=P-Channel 20V 3.7A _Ta_ 1.3W _Ta_ Surface Mount Micro3a„?/SOT-23 New Description=P-Channel 20V 3.7A _Ta_ 1.3W _Ta_ Surface Mount/SOT-23
Change Component Description : Designator=VT7 Old Description=P-Channel 20V 3.7A _Ta_ 1.3W _Ta_ Surface Mount Micro3a„?/SOT-23 New Description=P-Channel 20V 3.7A _Ta_ 1.3W _Ta_ Surface Mount/SOT-23
Added Pin To Net: NetName=AUX_GND Pin=C41-1
Added Pin To Net: NetName=AUX_GND Pin=C44-1
Added Pin To Net: NetName=AUX_GND Pin=D1-58
Added Pin To Net: NetName=AUX_GND Pin=D1-60
Added Pin To Net: NetName=AUX_GND Pin=VD7-1
Added Pin To Net: NetName=AUX_GND Pin=X10-G
Added Pin To Net: NetName=AUX_GND Pin=X10-G
Added Pin To Net: NetName=AUX_GND Pin=X10-G
Added Pin To Net: NetName=AUX_GND Pin=X10-G
Added Net: Name=AUX_GND
Added Pin To Net: NetName=GNSS_GND Pin=C45-1
Added Pin To Net: NetName=GNSS_GND Pin=D1-78
Added Pin To Net: NetName=GNSS_GND Pin=D1-80
Added Pin To Net: NetName=GNSS_GND Pin=X8-G
Added Pin To Net: NetName=GNSS_GND Pin=X8-G
Added Pin To Net: NetName=GNSS_GND Pin=X8-G
Added Pin To Net: NetName=GNSS_GND Pin=X8-G
Added Net: Name=GNSS_GND
Added Pin To Net: NetName=MAIN_GND Pin=C40-1
Added Pin To Net: NetName=MAIN_GND Pin=C43-1
Added Pin To Net: NetName=MAIN_GND Pin=D1-41
Added Pin To Net: NetName=MAIN_GND Pin=VD6-1
Added Pin To Net: NetName=MAIN_GND Pin=X9-G
Added Pin To Net: NetName=MAIN_GND Pin=X9-G
Added Pin To Net: NetName=MAIN_GND Pin=X9-G
Added Pin To Net: NetName=MAIN_GND Pin=X9-G
Added Net: Name=MAIN_GND
