Removed Pin From Net: NetName=RESET Pin=S4-1
Removed Pin From Net: NetName=GND Pin=S4-2
Removed Member From Class: ClassName=Sh1_MPU Member=C46
Removed Member From Class: ClassName=Sh1_MPU Member=S5
Removed Member From Class: ClassName=Sh1_MPU Member=VD11
Change Component Designator: OldDesignator=S5 NewDesignator=S4
Change Component Designator: OldDesignator=TP6 NewDesignator=TP8
Change Component Designator: OldDesignator=TP7 NewDesignator=TP9
Change Component Designator: OldDesignator=TP8 NewDesignator=TP10
Change Component Designator: OldDesignator=TP9 NewDesignator=TP11
Change Component Designator: OldDesignator=TP10 NewDesignator=TP12
Change Component Designator: OldDesignator=TP11 NewDesignator=TP13
Change Component Designator: OldDesignator=TP12 NewDesignator=TP14
Change Component Designator: OldDesignator=TP13 NewDesignator=TP15
Added Component: Designator=TP6(TEST_POINT)
Add component. Clean all parameters for all variants
Added Component: Designator=TP7(TEST_POINT)
Add component. Clean all parameters for all variants
Added Pin To Net: NetName=RESET Pin=TP6-1
Added Pin To Net: NetName=GND Pin=TP7-1
Added Member To Class: ClassName=Sh1_MPU Member=Component C35 0.1uF
Added Member To Class: ClassName=Sh1_MPU Member=Component C36 0.039uF
Added Member To Class: ClassName=Sh1_MPU Member=Component C38 0.1uF
Added Member To Class: ClassName=Sh1_MPU Member=Component C40 0.1uF
Added Member To Class: ClassName=Sh1_MPU Member=Component C41 22pF
Added Member To Class: ClassName=Sh1_MPU Member=Component C42 NÑ
Added Member To Class: ClassName=Sh1_MPU Member=Component C43 NÑ
Added Member To Class: ClassName=Sh2_MCU Member=Component C45 0.1uF
Added Member To Class: ClassName=Sh2_MCU Member=Component C47 0.1uF
Added Member To Class: ClassName=Sh2_MCU Member=Component C48 0.1uF
Added Member To Class: ClassName=Sh2_MCU Member=Component C50 22pF
Added Member To Class: ClassName=Sh2_MCU Member=Component C52 0.1uF
Added Member To Class: ClassName=Sh2_MCU Member=Component C53 0.1uF
Added Member To Class: ClassName=Sh3_Power Member=Component C56 K50-35 220uF 50V
Added Member To Class: ClassName=Sh3_Power Member=Component C57 10uF
Added Member To Class: ClassName=Sh3_Power Member=Component C59 0.1uF 50V
Added Member To Class: ClassName=Sh3_Power Member=Component C61 0.1uF
Added Member To Class: ClassName=Sh3_Power Member=Component C62 K50-35 100uF 16V
Added Member To Class: ClassName=Sh3_Power Member=Component C64 10uF
Added Member To Class: ClassName=Sh3_Power Member=Component C65 K50-35 33uF 6.3V
Added Member To Class: ClassName=Sh3_Power Member=Component C67 0.1uF
Added Member To Class: ClassName=Sh3_Power Member=Component C69 K50-35 220uF 6.3V
Added Member To Class: ClassName=Sh3_Power Member=Component C70 K50-35 220uF 16V
Added Member To Class: ClassName=Sh3_Power Member=Component C72 K50-35 100uF 10V
Added Member To Class: ClassName=Sh3_Power Member=Component C74 K50-35 220uF 6.3V
Added Member To Class: ClassName=Sh3_Power Member=Component C75 K50-35 220uF 6.3V
Added Member To Class: ClassName=Sh1_MPU Member=Component TP6 Test_point
Added Member To Class: ClassName=Sh1_MPU Member=Component TP7 Test_point
Added Member To Class: ClassName=Sh1_MPU Member=Component VD8 ESD9L3.3ST5G
Added Member To Class: ClassName=Sh1_MPU Member=Component VD9 LXES15AAA1-153
Added Member To Class: ClassName=Sh3_Power Member=Component VD10 SS36
Added Member To Class: ClassName=Sh3_Power Member=Component VD12 SM15T39CA
Added Member To Class: ClassName=Sh3_Power Member=Component VD13 BAT60AE6327HTSA1
