Change Component Comment : Designator=R10 Old Comment=2.2k New Comment=1k
Change Component Designator: OldDesignator=TP1 NewDesignator=TP2
Change Component Designator: OldDesignator=TP2 NewDesignator=TP3
Change Component Designator: OldDesignator=TP3 NewDesignator=TP4
Change Component Designator: OldDesignator=TP4 NewDesignator=TP5
Change Component Designator: OldDesignator=TP5 NewDesignator=TP6
Change Component Designator: OldDesignator=TP6 NewDesignator=TP7
Change Component Designator: OldDesignator=TP7 NewDesignator=TP8
Change Component Designator: OldDesignator=TP8 NewDesignator=TP9
Change Component Designator: OldDesignator=TP9 NewDesignator=TP10
Change Component Designator: OldDesignator=TP10 NewDesignator=TP11
Change Component Designator: OldDesignator=TP11 NewDesignator=TP12
Change Component Designator: OldDesignator=TP12 NewDesignator=TP13
Change Component Designator: OldDesignator=TP13 NewDesignator=TP14
Change Component Designator: OldDesignator=TP14 NewDesignator=TP15
Change Component Designator: OldDesignator=TP15 NewDesignator=TP16
Change Component Description : Designator=VD1 Old Description=12.5V Clamp 8A _8/20Aµs_ Ipp Tvs Diode Surface Mount SC-88/SC70-6/SOT-363 New Description=12.5V Clamp 8A _8/20Aµs_ Ipp Tvs Diode Surface Mount SC-88/SC70-6/SOT-363
Change Component Description : Designator=VT6 Old Description=P-Channel 20V 3.7A _Ta_ 1.3W _Ta_ Surface Mount Micro3a„?/SOT-23 New Description=P-Channel 20V 3.7A _Ta_ 1.3W _Ta_ Surface Mount Micro3a„?/SOT-23
Change Component Description : Designator=VT7 Old Description=P-Channel 20V 3.7A _Ta_ 1.3W _Ta_ Surface Mount Micro3a„?/SOT-23 New Description=P-Channel 20V 3.7A _Ta_ 1.3W _Ta_ Surface Mount Micro3a„?/SOT-23
Added Component: Designator=TP1(TEST_POINT)
Add component. Clean all parameters for all variants
Added Pin To Net: NetName=ADC1 Pin=TP1-1
Added Member To Class: ClassName=Sh1_MPU Member=Component TP8 Test_point
