Change Component Parameter Description in X9 Old=Molex-0731000114 - RA
Molex-0733910060
L-KLS1-SMA015  - RA New=Molex-0731000114 - FEMALE-RA
Molex-0733910060 - FEMALE
L-KLS1-SMA015  - MALE-RA
L-KLS1-SMA006 - FEMALE-RA
L-KLS1-SMA002-B  - FEMALE-RA
Change Component Parameter Comment in X10 Old= New=SMA
Change Component Parameter Description in X10 Old=Molex-0731000114
Molex-0733910060
L-KLS1-SMA015 New=Molex-0731000114 - FEMALE-RA
Molex-0733910060 - FEMALE
L-KLS1-SMA015  - MALE-RA
L-KLS1-SMA006 - FEMALE-RA
L-KLS1-SMA002-B  - FEMALE-RA
Added Parameter ComponentLink3Description=RA - HYR-1141 to Part X10
Added Parameter ComponentLink3URL=https://www.elitan.ru/price/item12599392 to Part X10
Added Parameter ComponentLink4Description=Molex-0733910060 to Part X10
Added Parameter ComponentLink4URL=https://www.elitan.ru/price/item715759 to Part X10
Added Parameter ComponentLink5Description=FEMALE-RA-KLS1-SMA006 to Part X9
Added Parameter ComponentLink5Description=FEMALE-RA-KLS1-SMA006 to Part X10
Added Parameter ComponentLink5URL=https://www.elitan.ru/price/item18597090 to Part X9
Added Parameter ComponentLink5URL=https://www.elitan.ru/price/item18597090 to Part X10
Added Parameter ComponentLink6Description=FEMALE-RA - L-KLS1-SMA002-B to Part X9
Added Parameter ComponentLink6Description=FEMALE-RA - L-KLS1-SMA002-B to Part X10
Added Parameter ComponentLink6URL=https://www.platan.ru/cgi-bin/qwery.pl/id=356964102 to Part X9
Added Parameter ComponentLink6URL=https://www.platan.ru/cgi-bin/qwery.pl/id=356964102 to Part X10
Added Parameter ComponentLink7Description=FEMALE-RA - L-KLS1-SMA002 to Part X9
Added Parameter ComponentLink7Description=FEMALE-RA - L-KLS1-SMA002 to Part X10
Added Parameter ComponentLink7URL=https://www.elitan.ru/price/item9893558 to Part X9
Added Parameter ComponentLink7URL=https://www.elitan.ru/price/item9893558 to Part X10
